<?xml version="1.0" encoding="UTF-8"?>
<!DOCTYPE beans PUBLIC "-//SPRING//DTD BEAN//EN" "http://www.springframework.org/dtd/spring-beans.dtd">
<beans>
   <bean id="_test_config" class="org.springframework.beans.factory.config.PropertyPlaceholderConfigurer">
      <property name="location">
         <value>classpath:config-dev.properties</value>
      </property>
   </bean>
</beans>